INFO: [SIM 2] *************** CSIM start ***************
INFO: [SIM 4] CSIM will launch GCC as the compiler.
   Compiling ../../../../src/LeNet5.cpp in debug mode
   Generating csim.exe

-------**CONV_LAYER0**-------

CONV0_OUT[0][0][0]=450.000000
CONV0_OUT[0][1][0]=475.000000
CONV0_OUT[0][2][0]=500.000000
CONV0_OUT[0][3][0]=525.000000
CONV0_OUT[1][0][0]=650.000000
CONV0_OUT[1][1][0]=675.000000
CONV0_OUT[1][2][0]=700.000000
CONV0_OUT[1][3][0]=725.000000
CONV0_OUT[2][0][0]=850.000000
CONV0_OUT[2][1][0]=875.000000
CONV0_OUT[2][2][0]=900.000000
CONV0_OUT[2][3][0]=925.000000
CONV0_OUT[3][0][0]=1050.000000
CONV0_OUT[3][1][0]=1075.000000
CONV0_OUT[3][2][0]=1100.000000
CONV0_OUT[3][3][0]=1125.000000

-------**POOL_LAYER0**-------

POOL0_OUT[0][0][0]=675.000000
POOL0_OUT[0][1][0]=725.000000
POOL0_OUT[1][0][0]=1075.000000
POOL0_OUT[1][1][0]=1125.000000

---------**LAYER0**---------

POOL0_OUT[0][0][0]=675.000000
POOL0_OUT[0][1][0]=725.000000
POOL0_OUT[1][0][0]=1075.000000
POOL0_OUT[1][1][0]=1125.000000
INFO: [SIM 1] CSim done with 0 errors.
INFO: [SIM 3] *************** CSIM finish ***************
